c:\projects\mogaserial\mogaserial_mfc\debug\mogaserial_mfc.pch
c:\projects\mogaserial\mogaserial_mfc\debug\vc142.pdb
c:\projects\mogaserial\mogaserial_mfc\debug\vc142.idb
c:\projects\mogaserial\mogaserial_mfc\debug\stdafx.obj
c:\projects\mogaserial\mogaserial_mfc\debug\mogaserial_c.obj
c:\projects\mogaserial\mogaserial_mfc\debug\mogaserialdlg.obj
c:\projects\mogaserial\mogaserial_mfc\debug\mogaserial.obj
c:\projects\mogaserial\debug\mogaserial_mfc.ilk
c:\projects\mogaserial\debug\mogaserial_mfc.exe
c:\projects\mogaserial\debug\mogaserial_mfc.pdb
c:\projects\mogaserial\mogaserial_mfc\debug\mogaserial.res
c:\projects\mogaserial\mogaserial_mfc\debug\mogaserial_mfc.tlog\cl.command.1.tlog
c:\projects\mogaserial\mogaserial_mfc\debug\mogaserial_mfc.tlog\cl.read.1.tlog
c:\projects\mogaserial\mogaserial_mfc\debug\mogaserial_mfc.tlog\cl.write.1.tlog
c:\projects\mogaserial\mogaserial_mfc\debug\mogaserial_mfc.tlog\link.command.1.tlog
c:\projects\mogaserial\mogaserial_mfc\debug\mogaserial_mfc.tlog\link.read.1.tlog
c:\projects\mogaserial\mogaserial_mfc\debug\mogaserial_mfc.tlog\link.write.1.tlog
c:\projects\mogaserial\mogaserial_mfc\debug\mogaserial_mfc.tlog\rc.command.1.tlog
c:\projects\mogaserial\mogaserial_mfc\debug\mogaserial_mfc.tlog\rc.read.1.tlog
c:\projects\mogaserial\mogaserial_mfc\debug\mogaserial_mfc.tlog\rc.write.1.tlog
